<?xml version="1.0" encoding="UTF-8"?>
<!-- Generated by org.testng.reporters.JUnitXMLReporter -->
<testsuite ignored="0" hostname="Anshi_Aryan" failures="0" tests="3" name="Default test" time="112.915" errors="0" timestamp="2023-05-23T17:36:31 CEST">
  <testcase classname="Base.CutomizeTestNGCucmberRunner" name="runScenario" time="29.748"/>
  <testcase classname="Base.CutomizeTestNGCucmberRunner" name="runScenario" time="37.444"/>
  <testcase classname="Base.CutomizeTestNGCucmberRunner" name="runScenario" time="38.593"/>
</testsuite> <!-- Default test -->
