<?xml version="1.0" encoding="UTF-8"?>
<testng-results ignored="0" total="3" passed="3" failed="0" skipped="0">
  <reporter-output>
  </reporter-output>
  <suite started-at="2023-05-23T17:34:38 CEST" name="Default suite" finished-at="2023-05-23T17:36:31 CEST" duration-ms="112915">
    <groups>
      <group name="cucumber">
        <method signature="CutomizeTestNGCucmberRunner.runScenario(io.cucumber.testng.PickleWrapper,io.cucumber.testng.FeatureWrapper)[pri:0, instance:Runner.Runner@1ffaf86]" name="runScenario" class="Base.CutomizeTestNGCucmberRunner"/>
      </group> <!-- cucumber -->
    </groups>
    <test started-at="2023-05-23T17:34:38 CEST" name="Default test" finished-at="2023-05-23T17:36:31 CEST" duration-ms="112915">
      <class name="Runner.Runner">
        <test-method is-config="true" signature="setUpClass()[pri:0, instance:Runner.Runner@1ffaf86]" started-at="2023-05-23T17:34:38 CEST" name="setUpClass" finished-at="2023-05-23T17:34:38 CEST" duration-ms="360" status="PASS">
          <reporter-output>
          </reporter-output>
        </test-method> <!-- setUpClass -->
        <test-method is-config="true" signature="CreateDriver()[pri:0, instance:Runner.Runner@1ffaf86]" started-at="2023-05-23T17:34:38 CEST" name="CreateDriver" finished-at="2023-05-23T17:34:42 CEST" duration-ms="3786" status="PASS">
          <reporter-output>
          </reporter-output>
        </test-method> <!-- CreateDriver -->
        <test-method signature="runScenario(io.cucumber.testng.PickleWrapper,io.cucumber.testng.FeatureWrapper)[pri:0, instance:Runner.Runner@1ffaf86]" started-at="2023-05-23T17:34:42 CEST" name="runScenario" description="Runs Cucumber Scenarios" data-provider="scenarios" finished-at="2023-05-23T17:35:12 CEST" duration-ms="29748" status="PASS">
          <params>
            <param index="0">
              <value>
                <![CDATA["Scenario Outline: Verify the search course flow"]]>
              </value>
            </param>
            <param index="1">
              <value>
                <![CDATA["Optional[Verify search function with different courses]"]]>
              </value>
            </param>
          </params>
          <reporter-output>
          </reporter-output>
        </test-method> <!-- runScenario -->
        <test-method is-config="true" signature="afterSuite()[pri:0, instance:Runner.Runner@1ffaf86]" started-at="2023-05-23T17:35:12 CEST" name="afterSuite" finished-at="2023-05-23T17:35:12 CEST" duration-ms="308" status="PASS">
          <reporter-output>
          </reporter-output>
        </test-method> <!-- afterSuite -->
        <test-method is-config="true" signature="CreateDriver()[pri:0, instance:Runner.Runner@1ffaf86]" started-at="2023-05-23T17:35:12 CEST" name="CreateDriver" finished-at="2023-05-23T17:35:13 CEST" duration-ms="1022" status="PASS">
          <reporter-output>
          </reporter-output>
        </test-method> <!-- CreateDriver -->
        <test-method signature="runScenario(io.cucumber.testng.PickleWrapper,io.cucumber.testng.FeatureWrapper)[pri:0, instance:Runner.Runner@1ffaf86]" started-at="2023-05-23T17:35:13 CEST" name="runScenario" description="Runs Cucumber Scenarios" data-provider="scenarios" finished-at="2023-05-23T17:35:50 CEST" duration-ms="37444" status="PASS">
          <params>
            <param index="0">
              <value>
                <![CDATA["Scenario Outline: Verify the search course flow"]]>
              </value>
            </param>
            <param index="1">
              <value>
                <![CDATA["Optional[Verify search function with different courses]"]]>
              </value>
            </param>
          </params>
          <reporter-output>
          </reporter-output>
        </test-method> <!-- runScenario -->
        <test-method is-config="true" signature="afterSuite()[pri:0, instance:Runner.Runner@1ffaf86]" started-at="2023-05-23T17:35:50 CEST" name="afterSuite" finished-at="2023-05-23T17:35:51 CEST" duration-ms="326" status="PASS">
          <reporter-output>
          </reporter-output>
        </test-method> <!-- afterSuite -->
        <test-method is-config="true" signature="CreateDriver()[pri:0, instance:Runner.Runner@1ffaf86]" started-at="2023-05-23T17:35:51 CEST" name="CreateDriver" finished-at="2023-05-23T17:35:52 CEST" duration-ms="939" status="PASS">
          <reporter-output>
          </reporter-output>
        </test-method> <!-- CreateDriver -->
        <test-method signature="runScenario(io.cucumber.testng.PickleWrapper,io.cucumber.testng.FeatureWrapper)[pri:0, instance:Runner.Runner@1ffaf86]" started-at="2023-05-23T17:35:52 CEST" name="runScenario" description="Runs Cucumber Scenarios" data-provider="scenarios" finished-at="2023-05-23T17:36:30 CEST" duration-ms="38593" status="PASS">
          <params>
            <param index="0">
              <value>
                <![CDATA["Scenario Outline: Verify the search course flow"]]>
              </value>
            </param>
            <param index="1">
              <value>
                <![CDATA["Optional[Verify search function with different courses]"]]>
              </value>
            </param>
          </params>
          <reporter-output>
          </reporter-output>
        </test-method> <!-- runScenario -->
        <test-method is-config="true" signature="afterSuite()[pri:0, instance:Runner.Runner@1ffaf86]" started-at="2023-05-23T17:36:30 CEST" name="afterSuite" finished-at="2023-05-23T17:36:31 CEST" duration-ms="339" status="PASS">
          <reporter-output>
          </reporter-output>
        </test-method> <!-- afterSuite -->
        <test-method is-config="true" signature="tearDownClass()[pri:0, instance:Runner.Runner@1ffaf86]" started-at="2023-05-23T17:36:31 CEST" name="tearDownClass" finished-at="2023-05-23T17:36:31 CEST" duration-ms="16" status="PASS">
          <reporter-output>
          </reporter-output>
        </test-method> <!-- tearDownClass -->
      </class> <!-- Runner.Runner -->
    </test> <!-- Default test -->
  </suite> <!-- Default suite -->
</testng-results>
